<?xml version="1.0" encoding="UTF-8"?>
<testsuite name="CalculadoraTest" tests="5" skipped="0" failures="0" errors="0" timestamp="2022-02-15T12:16:56" hostname="LAPTOP-4T1I5HGE" time="0.065">
  <properties/>
  <testcase name="MultiplicarTest()" classname="CalculadoraTest" time="0.055"/>
  <testcase name="RestaTest()" classname="CalculadoraTest" time="0.002"/>
  <testcase name="DividirTest()" classname="CalculadoraTest" time="0.001"/>
  <testcase name="SumarPositivosTest()" classname="CalculadoraTest" time="0.001"/>
  <testcase name="SumarNegativosTest()" classname="CalculadoraTest" time="0.001"/>
  <system-out><![CDATA[]]></system-out>
  <system-err><![CDATA[]]></system-err>
</testsuite>
