<?xml version="1.0" encoding="UTF-8"?>
<testsuite name="CalculadoraTest" tests="4" skipped="0" failures="0" errors="0" timestamp="2022-02-03T05:12:59" hostname="LAPTOP-4T1I5HGE" time="0.028">
  <properties/>
  <testcase name="MultiplicarTest()" classname="CalculadoraTest" time="0.023"/>
  <testcase name="SumaTest()" classname="CalculadoraTest" time="0.001"/>
  <testcase name="RestaTest()" classname="CalculadoraTest" time="0.001"/>
  <testcase name="DividirTest()" classname="CalculadoraTest" time="0.001"/>
  <system-out><![CDATA[]]></system-out>
  <system-err><![CDATA[]]></system-err>
</testsuite>
